<?xml version="1.0" encoding="UTF-8"?>
<!-- Generated by org.testng.reporters.JUnitReportReporter -->
<testsuite hostname="Vyshnavi-Vemula" failures="0" tests="1" name="sp.sampleproject.Testngclass" time="2.324" errors="0" timestamp="2025-02-23T17:37:42 IST" skipped="0">
  <testcase classname="sp.sampleproject.Testngclass" name="verifyGoogleTitle" time="2.324"/>
  <system-out/>
</testsuite> <!-- sp.sampleproject.Testngclass -->
